# JRE version: OpenJDK Runtime Environment (8.0_202-b03) (build 1.8.0_202-release-1483-b03)
# Java VM: OpenJDK 64-Bit Server VM (25.202-b03 mixed mode windows-amd64 compressed oops)
Heap:
 PSYoungGen      total 160768K, used 17185K [0x00000000e0000000, 0x00000000ec500000, 0x0000000100000000)
  eden space 146432K, 1% used [0x00000000e0000000,0x00000000e02ca178,0x00000000e8f00000)
  from space 14336K, 99% used [0x00000000ea180000,0x00000000eaf7e5c0,0x00000000eaf80000)
  to   space 18944K, 0% used [0x00000000e8f00000,0x00000000e8f00000,0x00000000ea180000)
 ParOldGen       total 76800K, used 29725K [0x00000000a0000000, 0x00000000a4b00000, 0x00000000e0000000)
  object space 76800K, 38% used [0x00000000a0000000,0x00000000a1d076a0,0x00000000a4b00000)
 Metaspace       used 56358K, capacity 58188K, committed 58456K, reserved 1099776K
  class space    used 7655K, capacity 8203K, committed 8320K, reserved 1048576K
GC Heap History (10 events):
Event: 23.683 GC heap before
{Heap before GC invocations=12 (full 1):
 PSYoungGen      total 92160K, used 14527K [0x00000000e0000000, 0x00000000e6580000, 0x0000000100000000)
  eden space 81920K, 7% used [0x00000000e0000000,0x00000000e05e9710,0x00000000e5000000)
  from space 10240K, 82% used [0x00000000e5a80000,0x00000000e62c67f8,0x00000000e6480000)
  to   space 10752K, 0% used [0x00000000e5000000,0x00000000e5000000,0x00000000e5a80000)
 ParOldGen       total 53760K, used 11535K [0x00000000a0000000, 0x00000000a3480000, 0x00000000e0000000)
  object space 53760K, 21% used [0x00000000a0000000,0x00000000a0b43ea8,0x00000000a3480000)
 Metaspace       used 34473K, capacity 35234K, committed 35416K, reserved 1079296K
  class space    used 4741K, capacity 4965K, committed 4992K, reserved 1048576K
Event: 23.728 GC heap after
Heap after GC invocations=12 (full 1):
 PSYoungGen      total 92672K, used 607K [0x00000000e0000000, 0x00000000e9200000, 0x0000000100000000)
  eden space 81920K, 0% used [0x00000000e0000000,0x00000000e0000000,0x00000000e5000000)
  from space 10752K, 5% used [0x00000000e5000000,0x00000000e5097d30,0x00000000e5a80000)
  to   space 11264K, 0% used [0x00000000e8700000,0x00000000e8700000,0x00000000e9200000)
 ParOldGen       total 53760K, used 17226K [0x00000000a0000000, 0x00000000a3480000, 0x00000000e0000000)
  object space 53760K, 32% used [0x00000000a0000000,0x00000000a10d2810,0x00000000a3480000)
 Metaspace       used 34473K, capacity 35234K, committed 35416K, reserved 1079296K
  class space    used 4741K, capacity 4965K, committed 4992K, reserved 1048576K
}
Event: 23.728 GC heap before
{Heap before GC invocations=13 (full 2):
 PSYoungGen      total 92672K, used 607K [0x00000000e0000000, 0x00000000e9200000, 0x0000000100000000)
  eden space 81920K, 0% used [0x00000000e0000000,0x00000000e0000000,0x00000000e5000000)
  from space 10752K, 5% used [0x00000000e5000000,0x00000000e5097d30,0x00000000e5a80000)
  to   space 11264K, 0% used [0x00000000e8700000,0x00000000e8700000,0x00000000e9200000)
 ParOldGen       total 53760K, used 17226K [0x00000000a0000000, 0x00000000a3480000, 0x00000000e0000000)
  object space 53760K, 32% used [0x00000000a0000000,0x00000000a10d2810,0x00000000a3480000)
 Metaspace       used 34473K, capacity 35234K, committed 35416K, reserved 1079296K
  class space    used 4741K, capacity 4965K, committed 4992K, reserved 1048576K
Event: 24.149 GC heap after
Heap after GC invocations=13 (full 2):
 PSYoungGen      total 92672K, used 0K [0x00000000e0000000, 0x00000000e9200000, 0x0000000100000000)
  eden space 81920K, 0% used [0x00000000e0000000,0x00000000e0000000,0x00000000e5000000)
  from space 10752K, 0% used [0x00000000e5000000,0x00000000e5000000,0x00000000e5a80000)
  to   space 11264K, 0% used [0x00000000e8700000,0x00000000e8700000,0x00000000e9200000)
 ParOldGen       total 76800K, used 16433K [0x00000000a0000000, 0x00000000a4b00000, 0x00000000e0000000)
  object space 76800K, 21% used [0x00000000a0000000,0x00000000a100c698,0x00000000a4b00000)
 Metaspace       used 34464K, capacity 35204K, committed 35416K, reserved 1079296K
  class space    used 4738K, capacity 4960K, committed 4992K, reserved 1048576K
}
Event: 29.123 GC heap before
{Heap before GC invocations=14 (full 2):
 PSYoungGen      total 92672K, used 81920K [0x00000000e0000000, 0x00000000e9200000, 0x0000000100000000)
  eden space 81920K, 100% used [0x00000000e0000000,0x00000000e5000000,0x00000000e5000000)
  from space 10752K, 0% used [0x00000000e5000000,0x00000000e5000000,0x00000000e5a80000)
  to   space 11264K, 0% used [0x00000000e8700000,0x00000000e8700000,0x00000000e9200000)
 ParOldGen       total 76800K, used 16433K [0x00000000a0000000, 0x00000000a4b00000, 0x00000000e0000000)
  object space 76800K, 21% used [0x00000000a0000000,0x00000000a100c698,0x00000000a4b00000)
 Metaspace       used 43522K, capacity 44510K, committed 44888K, reserved 1087488K
  class space    used 5871K, capacity 6167K, committed 6272K, reserved 1048576K
Event: 29.139 GC heap after
Heap after GC invocations=14 (full 2):
 PSYoungGen      total 123904K, used 11131K [0x00000000e0000000, 0x00000000e9200000, 0x0000000100000000)
  eden space 112640K, 0% used [0x00000000e0000000,0x00000000e0000000,0x00000000e6e00000)
  from space 11264K, 98% used [0x00000000e8700000,0x00000000e91ded50,0x00000000e9200000)
  to   space 12800K, 0% used [0x00000000e7900000,0x00000000e7900000,0x00000000e8580000)
 ParOldGen       total 76800K, used 16441K [0x00000000a0000000, 0x00000000a4b00000, 0x00000000e0000000)
  object space 76800K, 21% used [0x00000000a0000000,0x00000000a100e698,0x00000000a4b00000)
 Metaspace       used 43522K, capacity 44510K, committed 44888K, reserved 1087488K
  class space    used 5871K, capacity 6167K, committed 6272K, reserved 1048576K
}
Event: 35.627 GC heap before
{Heap before GC invocations=15 (full 2):
 PSYoungGen      total 123904K, used 123771K [0x00000000e0000000, 0x00000000e9200000, 0x0000000100000000)
  eden space 112640K, 100% used [0x00000000e0000000,0x00000000e6e00000,0x00000000e6e00000)
  from space 11264K, 98% used [0x00000000e8700000,0x00000000e91ded50,0x00000000e9200000)
  to   space 12800K, 0% used [0x00000000e7900000,0x00000000e7900000,0x00000000e8580000)
 ParOldGen       total 76800K, used 16441K [0x00000000a0000000, 0x00000000a4b00000, 0x00000000e0000000)
  object space 76800K, 21% used [0x00000000a0000000,0x00000000a100e698,0x00000000a4b00000)
 Metaspace       used 49979K, capacity 51280K, committed 51416K, reserved 1093632K
  class space    used 6734K, capacity 7118K, committed 7168K, reserved 1048576K
Event: 35.671 GC heap after
Heap after GC invocations=15 (full 2):
 PSYoungGen      total 136704K, used 12169K [0x00000000e0000000, 0x00000000eaf80000, 0x0000000100000000)
  eden space 123904K, 0% used [0x00000000e0000000,0x00000000e0000000,0x00000000e7900000)
  from space 12800K, 95% used [0x00000000e7900000,0x00000000e84e2610,0x00000000e8580000)
  to   space 14336K, 0% used [0x00000000ea180000,0x00000000ea180000,0x00000000eaf80000)
 ParOldGen       total 76800K, used 21565K [0x00000000a0000000, 0x00000000a4b00000, 0x00000000e0000000)
  object space 76800K, 28% used [0x00000000a0000000,0x00000000a150f6d0,0x00000000a4b00000)
 Metaspace       used 49979K, capacity 51280K, committed 51416K, reserved 1093632K
  class space    used 6734K, capacity 7118K, committed 7168K, reserved 1048576K
}
Event: 40.790 GC heap before
{Heap before GC invocations=16 (full 2):
 PSYoungGen      total 136704K, used 136073K [0x00000000e0000000, 0x00000000eaf80000, 0x0000000100000000)
  eden space 123904K, 100% used [0x00000000e0000000,0x00000000e7900000,0x00000000e7900000)
  from space 12800K, 95% used [0x00000000e7900000,0x00000000e84e2610,0x00000000e8580000)
  to   space 14336K, 0% used [0x00000000ea180000,0x00000000ea180000,0x00000000eaf80000)
 ParOldGen       total 76800K, used 21565K [0x00000000a0000000, 0x00000000a4b00000, 0x00000000e0000000)
  object space 76800K, 28% used [0x00000000a0000000,0x00000000a150f6d0,0x00000000a4b00000)
 Metaspace       used 56352K, capacity 58188K, committed 58456K, reserved 1099776K
  class space    used 7655K, capacity 8203K, committed 8320K, reserved 1048576K
Event: 40.868 GC heap after
Heap after GC invocations=16 (full 2):
 PSYoungGen      total 160768K, used 14329K [0x00000000e0000000, 0x00000000ec500000, 0x0000000100000000)
  eden space 146432K, 0% used [0x00000000e0000000,0x00000000e0000000,0x00000000e8f00000)
  from space 14336K, 99% used [0x00000000ea180000,0x00000000eaf7e5c0,0x00000000eaf80000)
  to   space 18944K, 0% used [0x00000000e8f00000,0x00000000e8f00000,0x00000000ea180000)
 ParOldGen       total 76800K, used 29725K [0x00000000a0000000, 0x00000000a4b00000, 0x00000000e0000000)
  object space 76800K, 38% used [0x00000000a0000000,0x00000000a1d076a0,0x00000000a4b00000)
 Metaspace       used 56352K, capacity 58188K, committed 58456K, reserved 1099776K
  class space    used 7655K, capacity 8203K, committed 8320K, reserved 1048576K
}

